<?xml version="1.0" encoding="UTF-8"?>
<testng-results skipped="0" failed="0" total="1" passed="1">
  <reporter-output>
  </reporter-output>
  <suite name="Default suite" duration-ms="9254" started-at="2016-09-27T12:04:18Z" finished-at="2016-09-27T12:04:27Z">
    <groups>
    </groups>
    <test name="Default test" duration-ms="9254" started-at="2016-09-27T12:04:18Z" finished-at="2016-09-27T12:04:27Z">
      <class name="com.demo.api.test.APITest">
        <test-method status="PASS" signature="test1()[pri:0, instance:com.demo.api.test.APITest@32e6e9c3]" name="test1" duration-ms="9217" started-at="2016-09-27T17:34:18Z" finished-at="2016-09-27T17:34:27Z">
          <reporter-output>
          </reporter-output>
        </test-method> <!-- test1 -->
      </class> <!-- com.demo.api.test.APITest -->
    </test> <!-- Default test -->
  </suite> <!-- Default suite -->
</testng-results>
